2026-06-22 14:58:13,206 [INFO] ============================================================
2026-06-22 14:58:13,206 [INFO] 🚀 UNIFIED REMINDER SCHEDULER
2026-06-22 14:58:13,241 [INFO]    Telegram: ✅
2026-06-22 14:58:13,242 [INFO]    Signal:   ✅
2026-06-22 14:58:13,243 [INFO]    Видео:    ✅ C:\Users\novra\Downloads\Telegram Desktop\grok-1a43304e-ca30-4397-87bc-935bf9add685-720p.mp4
2026-06-22 14:58:13,244 [INFO]    Интервал: 30-60 мин
2026-06-22 14:58:13,244 [INFO]    Режим:    dry-run
2026-06-22 14:58:13,244 [INFO] ============================================================
2026-06-22 14:58:13,248 [INFO] 
############################################################
2026-06-22 14:58:13,248 [INFO] # ЦИКЛ #1
2026-06-22 14:58:13,248 [INFO] ############################################################
2026-06-22 14:58:13,248 [INFO] ============================================================
2026-06-22 14:58:13,249 [INFO] 🔔 НАЧАЛО ЦИКЛА НАПОМИНАНИЙ
2026-06-22 14:58:13,251 [INFO] ============================================================
2026-06-22 14:58:13,504 [INFO] Failed to load SSL library: <class 'OSError'> (no library called "ssl" found)
2026-06-22 14:58:13,505 [INFO] cryptg module not installed and libssl not found, falling back to (slower) Python encryption
2026-06-22 14:58:13,730 [INFO] Connecting to 149.154.167.51:443/TcpFull...
2026-06-22 14:58:13,758 [INFO] Connection to 149.154.167.51:443/TcpFull complete!
2026-06-22 14:58:14,389 [INFO] Telegram: авторизация успешна. Получаю папки...
2026-06-22 14:58:14,457 [INFO] Telegram: найдено 45 чатов в папке 'Без лимитов'
2026-06-22 14:58:14,513 [INFO]   [1/45] Чехия- Прага Работа- Фушки.
2026-06-22 14:58:14,563 [INFO]   [2/45] 🗣𝘿𝙍𝙄𝙑𝙀𝙍 𝙐𝘼 𝙀𝙐🔝
2026-06-22 14:58:14,614 [INFO]   [3/45] 🇨🇿 Bazar Praha│Барахолка Прага Чехия 🇨🇿
2026-06-22 14:58:14,667 [INFO]   [4/45] Чехия, Прага. Объявления. купить - продать. Услуги.,Работа в чехии.⚽️🎹🚚🛫💻📲🎛🔧💰
2026-06-22 14:58:14,708 [INFO]   [5/45] ПОПУТЧИКИ
2026-06-22 14:58:14,744 [INFO]   [6/45] ЧЕХИЯ | РЕКЛАМА
2026-06-22 14:58:14,779 [INFO]   [7/45] Работа в Праге, Чехии, Чат
2026-06-22 14:58:14,816 [INFO]   [8/45] Пардубице Чехия 🇨🇿 Chat
2026-06-22 14:58:14,850 [INFO]   [9/45] 🇨🇿 Чехия • Прага • Вакансии • Чат Вакансий
2026-06-22 14:58:14,887 [INFO]   [10/45] Робота/Торгівля/Пропозиції/ЕС
2026-06-22 14:58:14,919 [INFO]   [11/45] Общение | Друзья в Праге | Чехия | as
2026-06-22 14:58:14,953 [INFO]   [12/45] Работа Прага Фушка
2026-06-22 14:58:14,987 [INFO]   [13/45] Студенты в Праге 🇨🇿 | Прага
2026-06-22 14:58:15,020 [INFO]   [14/45] Барахолка Чехия | CZ 🇨🇿
2026-06-22 14:58:15,058 [INFO]   [15/45] Оголошення та Робота в Чехії 🇨🇿 | Реклама | Фушки | Піар | Вакансії | Прага, Брно, Острава, Градец, Ліберец, Оломоуц, Пардубіц
2026-06-22 14:58:15,095 [INFO]   [16/45] Чехія для Українців/Оглошення/Робота/Продаж онлайн/Плзень/Прага/Клатовий
2026-06-22 14:58:15,141 [INFO]   [17/45] Робота барахолка Прага Чехия
2026-06-22 14:58:15,180 [INFO]   [18/45] Прага чатик 🇨🇿 | CHATIK
2026-06-22 14:58:15,227 [INFO]   [19/45] Друзья|Знакомства в Европе#byevsi|e
2026-06-22 14:58:15,310 [INFO]   [20/45] Прага чат 🇨🇿
2026-06-22 14:58:15,386 [INFO]   [21/45] Робота Чехія 🇨🇿 Работа Чехия. Фушка
2026-06-22 14:58:15,430 [INFO]   [22/45] Работа Чехия
2026-06-22 14:58:15,464 [INFO]   [23/45] Прага Барахолка
2026-06-22 14:58:15,502 [INFO]   [24/45] Bazar.Prague Барахолка Прага Чехия
2026-06-22 14:58:15,534 [INFO]   [25/45] Чехия | Прага Знакомства
2026-06-22 14:58:15,571 [INFO]   [26/45] 🇨🇿 ОБЪВЛЕНИЯ_ПРАГА_ ЧЕХИЯ_🇨🇿CZ(Работа,реклама,аренда, Прага,Чехия)💵🤝
2026-06-22 14:58:15,652 [INFO]   [27/45] Чехія Чат от А до Я #byevsi|e
2026-06-22 14:58:15,715 [INFO]   [28/45] 🚬𝐓𝐑𝐔𝐓𝐇 𝐏𝐑𝐀𝐆𝐔𝐄🚬
2026-06-22 14:58:15,783 [INFO]   [29/45] БАРАХОЛКА ⋮ БАЗАР ⋮ ПРАГА ⋮ ЧАТ
2026-06-22 14:58:15,848 [INFO]   [30/45] ПРАГА Чат Объявления|Аренда|НЕДВИЖИМОСТЬ
2026-06-22 14:58:15,899 [INFO]   [31/45] Чехия Чат
2026-06-22 14:58:15,952 [INFO]   [32/45] 🇨🇿 Чехия татарлары 🇨🇿 Tataři v Čechách 🇨🇿 Татары Чехии
2026-06-22 14:58:16,011 [INFO]   [33/45] Объявления Чехия
2026-06-22 14:58:16,059 [INFO]   [34/45] hmmml shop ⚡️ NeuroHUB news Chat
2026-06-22 14:58:16,131 [INFO]   [35/45] Love Point
2026-06-22 14:58:16,168 [INFO]   [36/45] 🇨🇿•Praha/Work/Baraholka/Chat•🇨🇿📍
2026-06-22 14:58:16,203 [INFO]   [37/45] Работа и Новости | Чехия, Прага, Брно
2026-06-22 14:58:16,237 [INFO]   [38/45] PRAGUE⚡HOME
2026-06-22 14:58:16,273 [INFO]   [39/45] CZ dark market
2026-06-22 14:58:16,308 [INFO]   [40/45] Prague 🍭Wonderland
2026-06-22 14:58:16,347 [INFO]   [41/45] Базар Чехия 🇨🇿 | Барахолка Прага
2026-06-22 14:58:16,384 [INFO]   [42/45] Chat Prague/Чат Прага 🇨🇿🇺🇦
2026-06-22 14:58:16,421 [INFO]   [43/45] Mary Jane Prague
2026-06-22 14:58:16,459 [INFO]   [44/45] PRAGUE MARKET
2026-06-22 14:58:16,500 [INFO]   [45/45] Чехия Прага Чат
2026-06-22 14:58:16,501 [INFO] Disconnecting from 149.154.167.51:443/TcpFull...
2026-06-22 14:58:16,501 [INFO] Disconnection from 149.154.167.51:443/TcpFull complete!
2026-06-22 14:58:16,797 [INFO] Signal: авторизация в Dashboard успешна
2026-06-22 14:58:16,988 [INFO] Signal: найдено 7 групп
2026-06-22 14:58:16,988 [INFO]   [1/7] I played a trump
2026-06-22 14:58:16,989 [INFO]   [2/7] 🥇BEST/MARKET🏆
2026-06-22 14:58:16,990 [INFO]   [3/7] 💲Rіch⚜️Russian⚜️Kids💲
2026-06-22 14:58:16,990 [INFO]   [4/7] 🍃𝒫𝓇𝒶𝑔𝓊𝑒 𝟦𝟤𝟢💠
2026-06-22 14:58:16,992 [INFO]   [5/7] ⭐ • 〽️🅰️ttyss 〽️🅰️rket • ⭐
2026-06-22 14:58:16,993 [INFO]   [6/7] ESKOGRAMM<
2026-06-22 14:58:16,993 [INFO]   [7/7] LEGIT💯PRAGUE🔥💸NIGHT🥂🥂
2026-06-22 14:58:16,994 [INFO] ------------------------------------------------------------
2026-06-22 14:58:16,994 [INFO] 📊 ИТОГИ ЦИКЛА (4 сек):
2026-06-22 14:58:16,996 [INFO]   Telegram: ✅ 0 / ❌ 0 / 📋 45
2026-06-22 14:58:16,997 [INFO]   Signal:   ✅ 0 / ❌ 0 / 📋 7
2026-06-22 14:58:16,998 [INFO] ------------------------------------------------------------
2026-06-22 14:58:16,998 [INFO] 
⏰ Следующий цикл через 59 мин 59 сек (в ~15:58:15)
2026-06-22 14:58:17,000 [INFO]    Для остановки нажмите Ctrl+C

2026-06-22 14:59:17,978 [INFO] ============================================================
2026-06-22 14:59:17,978 [INFO] 🚀 UNIFIED REMINDER SCHEDULER
2026-06-22 14:59:17,978 [INFO]    Telegram: ✅
2026-06-22 14:59:17,978 [INFO]    Signal:   ✅
2026-06-22 14:59:17,978 [INFO]    Видео:    ✅ C:\Users\novra\Downloads\Telegram Desktop\grok-1a43304e-ca30-4397-87bc-935bf9add685-720p.mp4
2026-06-22 14:59:17,978 [INFO]    Интервал: 30-60 мин
2026-06-22 14:59:17,978 [INFO]    Режим:    dry-run
2026-06-22 14:59:17,978 [INFO] ============================================================
2026-06-22 14:59:17,979 [INFO] 
############################################################
2026-06-22 14:59:17,979 [INFO] # ЦИКЛ #1
2026-06-22 14:59:17,979 [INFO] ############################################################
2026-06-22 14:59:17,979 [INFO] ============================================================
2026-06-22 14:59:17,979 [INFO] 🔔 НАЧАЛО ЦИКЛА НАПОМИНАНИЙ
2026-06-22 14:59:17,979 [INFO] ============================================================
2026-06-22 14:59:18,217 [INFO] Failed to load SSL library: <class 'OSError'> (no library called "ssl" found)
2026-06-22 14:59:18,218 [INFO] cryptg module not installed and libssl not found, falling back to (slower) Python encryption
2026-06-22 14:59:18,420 [INFO] Connecting to 149.154.167.51:443/TcpFull...
2026-06-22 14:59:18,446 [INFO] Connection to 149.154.167.51:443/TcpFull complete!
2026-06-22 14:59:18,676 [INFO] Telegram: авторизация успешна. Получаю папки...
2026-06-22 14:59:18,716 [INFO] Telegram: найдено 45 чатов в папке 'Без лимитов'
2026-06-22 14:59:18,748 [INFO]   [1/45] Чехия- Прага Работа- Фушки.
2026-06-22 14:59:18,778 [INFO]   [2/45] 🗣𝘿𝙍𝙄𝙑𝙀𝙍 𝙐𝘼 𝙀𝙐🔝
2026-06-22 14:59:18,814 [INFO]   [3/45] 🇨🇿 Bazar Praha│Барахолка Прага Чехия 🇨🇿
2026-06-22 14:59:18,851 [INFO]   [4/45] Чехия, Прага. Объявления. купить - продать. Услуги.,Работа в чехии.⚽️🎹🚚🛫💻📲🎛🔧💰
2026-06-22 14:59:18,888 [INFO]   [5/45] ПОПУТЧИКИ
2026-06-22 14:59:18,919 [INFO]   [6/45] ЧЕХИЯ | РЕКЛАМА
2026-06-22 14:59:18,949 [INFO]   [7/45] Работа в Праге, Чехии, Чат
2026-06-22 14:59:18,983 [INFO]   [8/45] Пардубице Чехия 🇨🇿 Chat
2026-06-22 14:59:19,018 [INFO]   [9/45] 🇨🇿 Чехия • Прага • Вакансии • Чат Вакансий
2026-06-22 14:59:19,049 [INFO]   [10/45] Робота/Торгівля/Пропозиції/ЕС
2026-06-22 14:59:19,080 [INFO]   [11/45] Общение | Друзья в Праге | Чехия | as
2026-06-22 14:59:19,111 [INFO]   [12/45] Работа Прага Фушка
2026-06-22 14:59:19,148 [INFO]   [13/45] Студенты в Праге 🇨🇿 | Прага
2026-06-22 14:59:19,189 [INFO]   [14/45] Барахолка Чехия | CZ 🇨🇿
2026-06-22 14:59:19,225 [INFO]   [15/45] Оголошення та Робота в Чехії 🇨🇿 | Реклама | Фушки | Піар | Вакансії | Прага, Брно, Острава, Градец, Ліберец, Оломоуц, Пардубіц
2026-06-22 14:59:19,259 [INFO]   [16/45] Чехія для Українців/Оглошення/Робота/Продаж онлайн/Плзень/Прага/Клатовий
2026-06-22 14:59:19,305 [INFO]   [17/45] Робота барахолка Прага Чехия
2026-06-22 14:59:19,350 [INFO]   [18/45] Прага чатик 🇨🇿 | CHATIK
2026-06-22 14:59:19,390 [INFO]   [19/45] Друзья|Знакомства в Европе#byevsi|e
2026-06-22 14:59:19,431 [INFO]   [20/45] Прага чат 🇨🇿
2026-06-22 14:59:19,466 [INFO]   [21/45] Робота Чехія 🇨🇿 Работа Чехия. Фушка
2026-06-22 14:59:19,504 [INFO]   [22/45] Работа Чехия
2026-06-22 14:59:19,568 [INFO]   [23/45] Прага Барахолка
2026-06-22 14:59:19,615 [INFO]   [24/45] Bazar.Prague Барахолка Прага Чехия
2026-06-22 14:59:19,660 [INFO]   [25/45] Чехия | Прага Знакомства
2026-06-22 14:59:19,739 [INFO]   [26/45] 🇨🇿 ОБЪВЛЕНИЯ_ПРАГА_ ЧЕХИЯ_🇨🇿CZ(Работа,реклама,аренда, Прага,Чехия)💵🤝
2026-06-22 14:59:19,799 [INFO]   [27/45] Чехія Чат от А до Я #byevsi|e
2026-06-22 14:59:19,861 [INFO]   [28/45] 🚬𝐓𝐑𝐔𝐓𝐇 𝐏𝐑𝐀𝐆𝐔𝐄🚬
2026-06-22 14:59:19,897 [INFO]   [29/45] БАРАХОЛКА ⋮ БАЗАР ⋮ ПРАГА ⋮ ЧАТ
2026-06-22 14:59:19,929 [INFO]   [30/45] ПРАГА Чат Объявления|Аренда|НЕДВИЖИМОСТЬ
2026-06-22 14:59:19,971 [INFO]   [31/45] Чехия Чат
2026-06-22 14:59:20,002 [INFO]   [32/45] 🇨🇿 Чехия татарлары 🇨🇿 Tataři v Čechách 🇨🇿 Татары Чехии
2026-06-22 14:59:20,033 [INFO]   [33/45] Объявления Чехия
2026-06-22 14:59:20,079 [INFO]   [34/45] hmmml shop ⚡️ NeuroHUB news Chat
2026-06-22 14:59:20,110 [INFO]   [35/45] Love Point
2026-06-22 14:59:20,145 [INFO]   [36/45] 🇨🇿•Praha/Work/Baraholka/Chat•🇨🇿📍
2026-06-22 14:59:20,177 [INFO]   [37/45] Работа и Новости | Чехия, Прага, Брно
2026-06-22 14:59:20,229 [INFO]   [38/45] PRAGUE⚡HOME
2026-06-22 14:59:20,266 [INFO]   [39/45] CZ dark market
2026-06-22 14:59:20,298 [INFO]   [40/45] Prague 🍭Wonderland
2026-06-22 14:59:20,338 [INFO]   [41/45] Базар Чехия 🇨🇿 | Барахолка Прага
2026-06-22 14:59:20,370 [INFO]   [42/45] Chat Prague/Чат Прага 🇨🇿🇺🇦
2026-06-22 14:59:20,408 [INFO]   [43/45] Mary Jane Prague
2026-06-22 14:59:20,451 [INFO]   [44/45] PRAGUE MARKET
2026-06-22 14:59:20,490 [INFO]   [45/45] Чехия Прага Чат
2026-06-22 14:59:20,490 [INFO] Disconnecting from 149.154.167.51:443/TcpFull...
2026-06-22 14:59:20,491 [INFO] Disconnection from 149.154.167.51:443/TcpFull complete!
2026-06-22 14:59:20,838 [INFO] Signal: авторизация в Dashboard успешна
2026-06-22 14:59:20,990 [INFO] Signal: найдено 7 групп
2026-06-22 14:59:20,990 [INFO]   [1/7] I played a trump
2026-06-22 14:59:20,990 [INFO]   [2/7] 🥇BEST/MARKET🏆
2026-06-22 14:59:20,991 [INFO]   [3/7] 💲Rіch⚜️Russian⚜️Kids💲
2026-06-22 14:59:20,991 [INFO]   [4/7] 🍃𝒫𝓇𝒶𝑔𝓊𝑒 𝟦𝟤𝟢💠
2026-06-22 14:59:20,991 [INFO]   [5/7] ⭐ • 〽️🅰️ttyss 〽️🅰️rket • ⭐
2026-06-22 14:59:20,991 [INFO]   [6/7] ESKOGRAMM<
2026-06-22 14:59:20,991 [INFO]   [7/7] LEGIT💯PRAGUE🔥💸NIGHT🥂🥂
2026-06-22 14:59:20,991 [INFO] ------------------------------------------------------------
2026-06-22 14:59:20,991 [INFO] 📊 ИТОГИ ЦИКЛА (3 сек):
2026-06-22 14:59:20,991 [INFO]   Telegram: ✅ 0 / ❌ 0 / 📋 45
2026-06-22 14:59:20,991 [INFO]   Signal:   ✅ 0 / ❌ 0 / 📋 7
2026-06-22 14:59:20,991 [INFO] ------------------------------------------------------------
2026-06-22 14:59:20,992 [INFO] 
⏰ Следующий цикл через 38 мин 49 сек (в ~15:38:09)
2026-06-22 14:59:20,992 [INFO]    Для остановки нажмите Ctrl+C

2026-06-22 15:01:05,040 [INFO] ============================================================
2026-06-22 15:01:05,040 [INFO] 🚀 UNIFIED REMINDER SCHEDULER
2026-06-22 15:01:05,040 [INFO]    Telegram: ✅
2026-06-22 15:01:05,040 [INFO]    Signal:   ✅
2026-06-22 15:01:05,040 [INFO]    Видео:    ✅ C:\Users\novra\Downloads\Telegram Desktop\grok-1a43304e-ca30-4397-87bc-935bf9add685-720p.mp4
2026-06-22 15:01:05,040 [INFO]    Интервал: 30-60 мин
2026-06-22 15:01:05,040 [INFO]    Режим:    once
2026-06-22 15:01:05,041 [INFO] ============================================================
2026-06-22 15:01:05,042 [INFO] 
############################################################
2026-06-22 15:01:05,042 [INFO] # ЦИКЛ #1
2026-06-22 15:01:05,042 [INFO] ############################################################
2026-06-22 15:01:05,042 [INFO] ============================================================
2026-06-22 15:01:05,042 [INFO] 🔔 НАЧАЛО ЦИКЛА НАПОМИНАНИЙ
2026-06-22 15:01:05,042 [INFO] ============================================================
2026-06-22 15:01:05,338 [INFO] Failed to load SSL library: <class 'OSError'> (no library called "ssl" found)
2026-06-22 15:01:05,339 [INFO] cryptg module not installed and libssl not found, falling back to (slower) Python encryption
2026-06-22 15:01:05,672 [INFO] Connecting to 149.154.167.51:443/TcpFull...
2026-06-22 15:01:05,702 [INFO] Connection to 149.154.167.51:443/TcpFull complete!
2026-06-22 15:01:05,931 [INFO] Telegram: авторизация успешна. Получаю папки...
2026-06-22 15:01:05,970 [INFO] Telegram: найдено 45 чатов в папке 'Без лимитов'
2026-06-22 15:01:06,006 [INFO] Telegram: [1/45] Отправка в 'Чехия- Прага Работа- Фушки.'...
2026-06-22 15:01:06,021 [INFO] Uploading file of 2116298 bytes in 17 chunks of 131072
2026-06-22 15:01:15,370 [INFO] Telegram: [1/45] ✅ Видео+текст → 'Чехия- Прага Работа- Фушки.'
2026-06-22 15:01:15,370 [INFO] Telegram: ожидание 21 сек перед следующим чатом...
2026-06-22 15:01:36,422 [INFO] Telegram: [2/45] Отправка в '🗣𝘿𝙍𝙄𝙑𝙀𝙍 𝙐𝘼 𝙀𝙐🔝'...
2026-06-22 15:01:36,423 [INFO] Uploading file of 2116298 bytes in 17 chunks of 131072
2026-06-22 15:01:45,354 [INFO] Telegram: [2/45] ✅ Видео+текст → '🗣𝘿𝙍𝙄𝙑𝙀𝙍 𝙐𝘼 𝙀𝙐🔝'
2026-06-22 15:01:45,354 [INFO] Telegram: ожидание 22 сек перед следующим чатом...
2026-06-22 15:02:07,395 [INFO] Telegram: [3/45] Отправка в '🇨🇿 Bazar Praha│Барахолка Прага Чехия 🇨🇿'...
2026-06-22 15:02:07,396 [INFO] Uploading file of 2116298 bytes in 17 chunks of 131072
2026-06-22 15:02:16,188 [INFO] Telegram: [3/45] ✅ Видео+текст → '🇨🇿 Bazar Praha│Барахолка Прага Чехия 🇨🇿'
2026-06-22 15:02:16,188 [INFO] Telegram: ожидание 27 сек перед следующим чатом...
2026-06-22 15:02:43,242 [INFO] Telegram: [4/45] Отправка в 'Чехия, Прага. Объявления. купить - продать. Услуги.,Работа в чехии.⚽️🎹🚚🛫💻📲🎛🔧💰'...
2026-06-22 15:02:43,244 [INFO] Uploading file of 2116298 bytes in 17 chunks of 131072
2026-06-22 15:02:50,442 [ERROR] Telegram: [4/45] ❌ Нет прав → 'Чехия, Прага. Объявления. купить - продать. Услуги.,Работа в чехии.⚽️🎹🚚🛫💻📲🎛🔧💰': You're banned from sending messages in supergroups/channels (caused by SendMediaRequest)
2026-06-22 15:02:50,487 [INFO] Telegram: [5/45] Отправка в 'ПОПУТЧИКИ'...
2026-06-22 15:02:50,488 [INFO] Uploading file of 2116298 bytes in 17 chunks of 131072
2026-06-22 15:02:58,028 [WARNING] Telegram: [5/45] ⚠ Видео не прошло → 'ПОПУТЧИКИ': You cannot send videos results in this Chat (caused by SendMediaRequest)
2026-06-22 15:02:58,084 [ERROR] Telegram: [5/45] ❌ Ошибка → 'ПОПУТЧИКИ': A wait of 3600 seconds is required before sending another message in this chat (caused by SendMessageRequest)
2026-06-22 15:02:58,085 [INFO] Telegram: ожидание 17 сек перед следующим чатом...
2026-06-22 15:03:15,125 [INFO] Telegram: [6/45] Отправка в 'ЧЕХИЯ | РЕКЛАМА'...
2026-06-22 15:03:15,126 [INFO] Uploading file of 2116298 bytes in 17 chunks of 131072
2026-06-22 15:03:17,856 [INFO] Got difference for channel 1508827399 updates
2026-06-22 15:03:23,299 [INFO] Telegram: [6/45] ✅ Видео+текст → 'ЧЕХИЯ | РЕКЛАМА'
2026-06-22 15:03:23,299 [INFO] Telegram: ожидание 24 сек перед следующим чатом...
2026-06-22 15:03:47,369 [INFO] Telegram: [7/45] Отправка в 'Работа в Праге, Чехии, Чат'...
2026-06-22 15:03:47,370 [INFO] Uploading file of 2116298 bytes in 17 chunks of 131072
2026-06-22 15:03:54,903 [WARNING] Telegram: [7/45] ⚠ Видео не прошло → 'Работа в Праге, Чехии, Чат': You cannot send videos results in this Chat (caused by SendMediaRequest)
2026-06-22 15:03:55,400 [INFO] Telegram: [7/45] ✅ Текст → 'Работа в Праге, Чехии, Чат'
2026-06-22 15:03:55,400 [INFO] Telegram: ожидание 21 сек перед следующим чатом...
2026-06-22 15:04:16,452 [INFO] Telegram: [8/45] Отправка в 'Пардубице Чехия 🇨🇿 Chat'...
2026-06-22 15:04:16,453 [INFO] Uploading file of 2116298 bytes in 17 chunks of 131072
2026-06-22 15:04:23,758 [ERROR] Telegram: [8/45] ❌ Нет прав → 'Пардубице Чехия 🇨🇿 Chat': You're banned from sending messages in supergroups/channels (caused by SendMediaRequest)
2026-06-22 15:04:23,802 [INFO] Telegram: [9/45] Отправка в '🇨🇿 Чехия • Прага • Вакансии • Чат Вакансий'...
2026-06-22 15:04:23,803 [INFO] Uploading file of 2116298 bytes in 17 chunks of 131072
2026-06-22 15:04:31,818 [INFO] Telegram: [9/45] ✅ Видео+текст → '🇨🇿 Чехия • Прага • Вакансии • Чат Вакансий'
2026-06-22 15:04:31,819 [INFO] Telegram: ожидание 15 сек перед следующим чатом...
2026-06-22 15:04:46,864 [INFO] Telegram: [10/45] Отправка в 'Робота/Торгівля/Пропозиції/ЕС'...
2026-06-22 15:04:46,865 [INFO] Uploading file of 2116298 bytes in 17 chunks of 131072
2026-06-22 15:04:54,079 [ERROR] Telegram: [10/45] ❌ Нет прав → 'Робота/Торгівля/Пропозиції/ЕС': You're banned from sending messages in supergroups/channels (caused by SendMediaRequest)
2026-06-22 15:04:54,116 [INFO] Telegram: [11/45] Отправка в 'Общение | Друзья в Праге | Чехия | as'...
2026-06-22 15:04:54,117 [INFO] Uploading file of 2116298 bytes in 17 chunks of 131072
2026-06-22 15:05:02,656 [INFO] Telegram: [11/45] ✅ Видео+текст → 'Общение | Друзья в Праге | Чехия | as'
2026-06-22 15:05:02,656 [INFO] Telegram: ожидание 25 сек перед следующим чатом...
2026-06-22 15:05:27,701 [INFO] Telegram: [12/45] Отправка в 'Работа Прага Фушка'...
2026-06-22 15:05:27,702 [INFO] Uploading file of 2116298 bytes in 17 chunks of 131072
2026-06-22 15:05:28,890 [INFO] Got difference for channel 1869904593 updates
2026-06-22 15:05:35,273 [INFO] Telegram: [12/45] ✅ Видео+текст → 'Работа Прага Фушка'
2026-06-22 15:05:35,273 [INFO] Telegram: ожидание 19 сек перед следующим чатом...
2026-06-22 15:05:54,321 [INFO] Telegram: [13/45] Отправка в 'Студенты в Праге 🇨🇿 | Прага'...
2026-06-22 15:05:54,322 [INFO] Uploading file of 2116298 bytes in 17 chunks of 131072
2026-06-22 15:06:01,551 [ERROR] Telegram: [13/45] ❌ Нет прав → 'Студенты в Праге 🇨🇿 | Прага': You're banned from sending messages in supergroups/channels (caused by SendMediaRequest)
2026-06-22 15:06:01,589 [INFO] Telegram: [14/45] Отправка в 'Барахолка Чехия | CZ 🇨🇿'...
2026-06-22 15:06:01,590 [INFO] Uploading file of 2116298 bytes in 17 chunks of 131072
2026-06-22 15:06:09,547 [INFO] Telegram: [14/45] ✅ Видео+текст → 'Барахолка Чехия | CZ 🇨🇿'
2026-06-22 15:06:09,547 [INFO] Telegram: ожидание 17 сек перед следующим чатом...
2026-06-22 15:06:26,599 [INFO] Telegram: [15/45] Отправка в 'Оголошення та Робота в Чехії 🇨🇿 | Реклама | Фушки | Піар | Вакансії | Прага, Брно, Острава, Градец, Ліберец, Оломоуц, Пардубіц'...
2026-06-22 15:06:26,600 [INFO] Uploading file of 2116298 bytes in 17 chunks of 131072
2026-06-22 15:06:34,564 [INFO] Telegram: [15/45] ✅ Видео+текст → 'Оголошення та Робота в Чехії 🇨🇿 | Реклама | Фушки | Піар | Вакансії | Прага, Брно, Острава, Градец, Ліберец, Оломоуц, Пардубіц'
2026-06-22 15:06:34,564 [INFO] Telegram: ожидание 29 сек перед следующим чатом...
2026-06-22 15:07:03,620 [INFO] Telegram: [16/45] Отправка в 'Чехія для Українців/Оглошення/Робота/Продаж онлайн/Плзень/Прага/Клатовий'...
2026-06-22 15:07:03,621 [INFO] Uploading file of 2116298 bytes in 17 chunks of 131072
2026-06-22 15:07:11,772 [INFO] Telegram: [16/45] ✅ Видео+текст → 'Чехія для Українців/Оглошення/Робота/Продаж онлайн/Плзень/Прага/Клатовий'
2026-06-22 15:07:11,772 [INFO] Telegram: ожидание 23 сек перед следующим чатом...
2026-06-22 15:07:34,882 [INFO] Telegram: [17/45] Отправка в 'Робота барахолка Прага Чехия'...
2026-06-22 15:07:34,883 [INFO] Uploading file of 2116298 bytes in 17 chunks of 131072
2026-06-22 15:07:35,821 [INFO] Got difference for channel 1289161377 updates
2026-06-22 15:07:36,268 [INFO] Got difference for channel 1195762393 updates
2026-06-22 15:07:41,282 [INFO] Got difference for channel 1195762393 updates
2026-06-22 15:07:43,134 [INFO] Telegram: [17/45] ✅ Видео+текст → 'Робота барахолка Прага Чехия'
2026-06-22 15:07:43,134 [INFO] Telegram: ожидание 26 сек перед следующим чатом...
2026-06-22 15:07:49,962 [INFO] Got difference for channel 1289161377 updates
2026-06-22 15:08:03,404 [INFO] Got difference for channel 1316292741 updates
2026-06-22 15:08:09,174 [INFO] Telegram: [18/45] Отправка в 'Прага чатик 🇨🇿 | CHATIK'...
2026-06-22 15:08:09,175 [INFO] Uploading file of 2116298 bytes in 17 chunks of 131072
2026-06-22 15:08:16,998 [WARNING] Telegram: [18/45] ⚠ Видео не прошло → 'Прага чатик 🇨🇿 | CHATIK': You cannot send videos results in this Chat (caused by SendMediaRequest)
2026-06-22 15:08:17,038 [INFO] Sleeping for 10s (0:00:10) on SendMessageRequest flood wait
2026-06-22 15:08:27,484 [INFO] Telegram: [18/45] ✅ Текст → 'Прага чатик 🇨🇿 | CHATIK'
2026-06-22 15:08:27,484 [INFO] Telegram: ожидание 22 сек перед следующим чатом...
2026-06-22 15:08:49,611 [INFO] Telegram: [19/45] Отправка в 'Друзья|Знакомства в Европе#byevsi|e'...
2026-06-22 15:08:49,612 [INFO] Uploading file of 2116298 bytes in 17 chunks of 131072
2026-06-22 15:08:57,899 [INFO] Telegram: [19/45] ✅ Видео+текст → 'Друзья|Знакомства в Европе#byevsi|e'
2026-06-22 15:08:57,899 [INFO] Telegram: ожидание 24 сек перед следующим чатом...
2026-06-22 15:09:21,937 [INFO] Telegram: [20/45] Отправка в 'Прага чат 🇨🇿'...
2026-06-22 15:09:21,938 [INFO] Uploading file of 2116298 bytes in 17 chunks of 131072
2026-06-22 15:09:29,420 [INFO] Telegram: [20/45] ✅ Видео+текст → 'Прага чат 🇨🇿'
2026-06-22 15:09:29,420 [INFO] Telegram: ожидание 25 сек перед следующим чатом...
2026-06-22 15:09:54,463 [INFO] Telegram: [21/45] Отправка в 'Робота Чехія 🇨🇿 Работа Чехия. Фушка'...
2026-06-22 15:09:54,464 [INFO] Uploading file of 2116298 bytes in 17 chunks of 131072
2026-06-22 15:10:01,408 [ERROR] Telegram: [21/45] ❌ Нет прав → 'Робота Чехія 🇨🇿 Работа Чехия. Фушка': You're banned from sending messages in supergroups/channels (caused by SendMediaRequest)
2026-06-22 15:10:01,445 [INFO] Telegram: [22/45] Отправка в 'Работа Чехия'...
2026-06-22 15:10:01,445 [INFO] Uploading file of 2116298 bytes in 17 chunks of 131072
2026-06-22 15:10:06,653 [INFO] Got difference for channel 1508827399 updates
2026-06-22 15:10:08,052 [ERROR] Telegram: [22/45] ❌ Нет прав → 'Работа Чехия': You're banned from sending messages in supergroups/channels (caused by SendMediaRequest)
2026-06-22 15:10:08,087 [INFO] Telegram: [23/45] Отправка в 'Прага Барахолка'...
2026-06-22 15:10:08,088 [INFO] Uploading file of 2116298 bytes in 17 chunks of 131072
2026-06-22 15:10:08,815 [INFO] Got difference for channel 2363009133 updates
2026-06-22 15:10:14,952 [ERROR] Telegram: [23/45] ❌ Нет прав → 'Прага Барахолка': You're banned from sending messages in supergroups/channels (caused by SendMediaRequest)
2026-06-22 15:10:14,989 [INFO] Telegram: [24/45] Отправка в 'Bazar.Prague Барахолка Прага Чехия'...
2026-06-22 15:10:14,990 [INFO] Uploading file of 2116298 bytes in 17 chunks of 131072
2026-06-22 15:10:21,755 [ERROR] Telegram: [24/45] ❌ Нет прав → 'Bazar.Prague Барахолка Прага Чехия': You're banned from sending messages in supergroups/channels (caused by SendMediaRequest)
2026-06-22 15:10:21,792 [INFO] Telegram: [25/45] Отправка в 'Чехия | Прага Знакомства'...
2026-06-22 15:10:21,792 [INFO] Uploading file of 2116298 bytes in 17 chunks of 131072
2026-06-22 15:10:29,009 [WARNING] Telegram: [25/45] ⚠ Видео не прошло → 'Чехия | Прага Знакомства': You cannot send videos results in this Chat (caused by SendMediaRequest)
2026-06-22 15:10:29,106 [INFO] Sleeping for 10s (0:00:10) on SendMessageRequest flood wait
2026-06-22 15:10:39,557 [INFO] Telegram: [25/45] ✅ Текст → 'Чехия | Прага Знакомства'
2026-06-22 15:10:39,557 [INFO] Telegram: ожидание 24 сек перед следующим чатом...
2026-06-22 15:10:49,239 [INFO] Got difference for channel 1508827399 updates
2026-06-22 15:11:03,598 [INFO] Telegram: [26/45] Отправка в '🇨🇿 ОБЪВЛЕНИЯ_ПРАГА_ ЧЕХИЯ_🇨🇿CZ(Работа,реклама,аренда, Прага,Чехия)💵🤝'...
2026-06-22 15:11:03,599 [INFO] Uploading file of 2116298 bytes in 17 chunks of 131072
2026-06-22 15:11:11,566 [INFO] Telegram: [26/45] ✅ Видео+текст → '🇨🇿 ОБЪВЛЕНИЯ_ПРАГА_ ЧЕХИЯ_🇨🇿CZ(Работа,реклама,аренда, Прага,Чехия)💵🤝'
2026-06-22 15:11:11,566 [INFO] Telegram: ожидание 27 сек перед следующим чатом...
2026-06-22 15:11:12,208 [INFO] Got difference for channel 2041824043 updates
2026-06-22 15:11:34,402 [INFO] Got difference for channel 1316292741 updates
2026-06-22 15:11:38,662 [INFO] Telegram: [27/45] Отправка в 'Чехія Чат от А до Я #byevsi|e'...
2026-06-22 15:11:38,663 [INFO] Uploading file of 2116298 bytes in 17 chunks of 131072
2026-06-22 15:11:46,086 [INFO] Telegram: [27/45] ✅ Видео+текст → 'Чехія Чат от А до Я #byevsi|e'
2026-06-22 15:11:46,086 [INFO] Telegram: ожидание 26 сек перед следующим чатом...
2026-06-22 15:12:12,137 [INFO] Telegram: [28/45] Отправка в '🚬𝐓𝐑𝐔𝐓𝐇 𝐏𝐑𝐀𝐆𝐔𝐄🚬'...
2026-06-22 15:12:12,137 [INFO] Uploading file of 2116298 bytes in 17 chunks of 131072
2026-06-22 15:12:13,885 [INFO] Got difference for channel 1289161377 updates
2026-06-22 15:12:20,740 [INFO] Telegram: [28/45] ✅ Видео+текст → '🚬𝐓𝐑𝐔𝐓𝐇 𝐏𝐑𝐀𝐆𝐔𝐄🚬'
2026-06-22 15:12:20,741 [INFO] Telegram: ожидание 30 сек перед следующим чатом...
2026-06-22 15:12:50,811 [INFO] Telegram: [29/45] Отправка в 'БАРАХОЛКА ⋮ БАЗАР ⋮ ПРАГА ⋮ ЧАТ'...
2026-06-22 15:12:50,813 [INFO] Uploading file of 2116298 bytes in 17 chunks of 131072
2026-06-22 15:12:59,182 [INFO] Telegram: [29/45] ✅ Видео+текст → 'БАРАХОЛКА ⋮ БАЗАР ⋮ ПРАГА ⋮ ЧАТ'
2026-06-22 15:12:59,182 [INFO] Telegram: ожидание 23 сек перед следующим чатом...
2026-06-22 15:13:22,251 [INFO] Telegram: [30/45] Отправка в 'ПРАГА Чат Объявления|Аренда|НЕДВИЖИМОСТЬ'...
2026-06-22 15:13:22,253 [INFO] Uploading file of 2116298 bytes in 17 chunks of 131072
2026-06-22 15:13:23,411 [INFO] Got difference for channel 1508827399 updates
2026-06-22 15:13:29,322 [ERROR] Telegram: [30/45] ❌ Нет прав → 'ПРАГА Чат Объявления|Аренда|НЕДВИЖИМОСТЬ': You're banned from sending messages in supergroups/channels (caused by SendMediaRequest)
2026-06-22 15:13:29,390 [INFO] Telegram: [31/45] Отправка в 'Чехия Чат'...
2026-06-22 15:13:29,391 [INFO] Uploading file of 2116298 bytes in 17 chunks of 131072
2026-06-22 15:13:36,636 [WARNING] Telegram: [31/45] ⚠ Видео не прошло → 'Чехия Чат': RPCError 400: TOPIC_CLOSED (caused by SendMediaRequest)
2026-06-22 15:13:36,678 [ERROR] Telegram: [31/45] ❌ Ошибка → 'Чехия Чат': RPCError 400: TOPIC_CLOSED (caused by SendMessageRequest)
2026-06-22 15:13:36,678 [INFO] Telegram: ожидание 18 сек перед следующим чатом...
2026-06-22 15:13:54,724 [INFO] Telegram: [32/45] Отправка в '🇨🇿 Чехия татарлары 🇨🇿 Tataři v Čechách 🇨🇿 Татары Чехии'...
2026-06-22 15:13:54,725 [INFO] Uploading file of 2116298 bytes in 17 chunks of 131072
2026-06-22 15:14:02,188 [ERROR] Telegram: [32/45] ❌ Нет прав → '🇨🇿 Чехия татарлары 🇨🇿 Tataři v Čechách 🇨🇿 Татары Чехии': You can't write in this chat (caused by SendMediaRequest)
2026-06-22 15:14:02,224 [INFO] Telegram: [33/45] Отправка в 'Объявления Чехия'...
2026-06-22 15:14:02,226 [INFO] Uploading file of 2116298 bytes in 17 chunks of 131072
2026-06-22 15:14:10,134 [WARNING] Telegram: [33/45] ⚠ Видео не прошло → 'Объявления Чехия': RPCError 403: ALLOW_PAYMENT_REQUIRED_6 (caused by SendMediaRequest)
2026-06-22 15:14:10,242 [ERROR] Telegram: [33/45] ❌ Ошибка → 'Объявления Чехия': A wait of 3600 seconds is required before sending another message in this chat (caused by SendMessageRequest)
2026-06-22 15:14:10,242 [INFO] Telegram: ожидание 24 сек перед следующим чатом...
2026-06-22 15:14:34,288 [INFO] Telegram: [34/45] Отправка в 'hmmml shop ⚡️ NeuroHUB news Chat'...
2026-06-22 15:14:34,289 [INFO] Uploading file of 2116298 bytes in 17 chunks of 131072
2026-06-22 15:14:41,886 [WARNING] Telegram: [34/45] ⚠ Видео не прошло → 'hmmml shop ⚡️ NeuroHUB news Chat': RPCError 403: ALLOW_PAYMENT_REQUIRED_52 (caused by SendMediaRequest)
2026-06-22 15:14:41,937 [ERROR] Telegram: [34/45] ❌ Ошибка → 'hmmml shop ⚡️ NeuroHUB news Chat': RPCError 403: ALLOW_PAYMENT_REQUIRED_52 (caused by SendMessageRequest)
2026-06-22 15:14:41,937 [INFO] Telegram: ожидание 16 сек перед следующим чатом...
2026-06-22 15:14:57,976 [INFO] Telegram: [35/45] Отправка в 'Love Point'...
2026-06-22 15:14:57,977 [INFO] Uploading file of 2116298 bytes in 17 chunks of 131072
2026-06-22 15:15:04,945 [WARNING] Telegram: [35/45] ⚠ Видео не прошло → 'Love Point': RPCError 403: ALLOW_PAYMENT_REQUIRED_1 (caused by SendMediaRequest)
2026-06-22 15:15:04,993 [ERROR] Telegram: [35/45] ❌ Ошибка → 'Love Point': A wait of 3600 seconds is required before sending another message in this chat (caused by SendMessageRequest)
2026-06-22 15:15:04,993 [INFO] Telegram: ожидание 29 сек перед следующим чатом...
2026-06-22 15:15:12,872 [INFO] Got difference for channel 1508827399 updates
2026-06-22 15:15:34,043 [INFO] Telegram: [36/45] Отправка в '🇨🇿•Praha/Work/Baraholka/Chat•🇨🇿📍'...
2026-06-22 15:15:34,044 [INFO] Uploading file of 2116298 bytes in 17 chunks of 131072
2026-06-22 15:15:41,531 [WARNING] Telegram: [36/45] ⚠ Видео не прошло → '🇨🇿•Praha/Work/Baraholka/Chat•🇨🇿📍': The chat is restricted and cannot be used in that request (caused by SendMediaRequest)
2026-06-22 15:15:41,577 [ERROR] Telegram: [36/45] ❌ Ошибка → '🇨🇿•Praha/Work/Baraholka/Chat•🇨🇿📍': The chat is restricted and cannot be used in that request (caused by SendMessageRequest)
2026-06-22 15:15:41,577 [INFO] Telegram: ожидание 27 сек перед следующим чатом...
2026-06-22 15:15:54,461 [INFO] Got difference for channel 1289161377 updates
2026-06-22 15:16:05,986 [INFO] Got difference for channel 1155871761 updates
2026-06-22 15:16:06,033 [INFO] Got difference for channel 1693874894 updates
2026-06-22 15:16:08,619 [INFO] Telegram: [37/45] Отправка в 'Работа и Новости | Чехия, Прага, Брно'...
2026-06-22 15:16:08,620 [INFO] Uploading file of 2116298 bytes in 17 chunks of 131072
2026-06-22 15:16:16,171 [WARNING] Telegram: [37/45] ⚠ Видео не прошло → 'Работа и Новости | Чехия, Прага, Брно': The chat is restricted and cannot be used in that request (caused by SendMediaRequest)
2026-06-22 15:16:16,211 [ERROR] Telegram: [37/45] ❌ Ошибка → 'Работа и Новости | Чехия, Прага, Брно': The chat is restricted and cannot be used in that request (caused by SendMessageRequest)
2026-06-22 15:16:16,211 [INFO] Telegram: ожидание 21 сек перед следующим чатом...
2026-06-22 15:16:37,256 [INFO] Telegram: [38/45] Отправка в 'PRAGUE⚡HOME'...
2026-06-22 15:16:37,257 [INFO] Uploading file of 2116298 bytes in 17 chunks of 131072
2026-06-22 15:16:44,809 [WARNING] Telegram: [38/45] ⚠ Видео не прошло → 'PRAGUE⚡HOME': The chat is restricted and cannot be used in that request (caused by SendMediaRequest)
2026-06-22 15:16:44,861 [ERROR] Telegram: [38/45] ❌ Ошибка → 'PRAGUE⚡HOME': The chat is restricted and cannot be used in that request (caused by SendMessageRequest)
2026-06-22 15:16:44,861 [INFO] Telegram: ожидание 30 сек перед следующим чатом...
2026-06-22 15:17:14,921 [INFO] Telegram: [39/45] Отправка в 'CZ dark market'...
2026-06-22 15:17:14,922 [INFO] Uploading file of 2116298 bytes in 17 chunks of 131072
2026-06-22 15:17:22,223 [WARNING] Telegram: [39/45] ⚠ Видео не прошло → 'CZ dark market': The chat is restricted and cannot be used in that request (caused by SendMediaRequest)
2026-06-22 15:17:22,262 [ERROR] Telegram: [39/45] ❌ Ошибка → 'CZ dark market': The chat is restricted and cannot be used in that request (caused by SendMessageRequest)
2026-06-22 15:17:22,262 [INFO] Telegram: ожидание 16 сек перед следующим чатом...
2026-06-22 15:17:38,313 [INFO] Telegram: [40/45] Отправка в 'Prague 🍭Wonderland'...
2026-06-22 15:17:38,313 [INFO] Uploading file of 2116298 bytes in 17 chunks of 131072
2026-06-22 15:17:46,115 [WARNING] Telegram: [40/45] ⚠ Видео не прошло → 'Prague 🍭Wonderland': The chat is restricted and cannot be used in that request (caused by SendMediaRequest)
2026-06-22 15:17:46,120 [INFO] Got difference for channel 1155871761 updates
2026-06-22 15:17:46,193 [ERROR] Telegram: [40/45] ❌ Ошибка → 'Prague 🍭Wonderland': The chat is restricted and cannot be used in that request (caused by SendMessageRequest)
2026-06-22 15:17:46,193 [INFO] Telegram: ожидание 29 сек перед следующим чатом...
2026-06-22 15:18:07,650 [INFO] Got difference for channel 2045844718 updates
2026-06-22 15:18:15,239 [INFO] Telegram: [41/45] Отправка в 'Базар Чехия 🇨🇿 | Барахолка Прага'...
2026-06-22 15:18:15,240 [INFO] Uploading file of 2116298 bytes in 17 chunks of 131072
2026-06-22 15:18:22,636 [WARNING] Telegram: [41/45] ⚠ Видео не прошло → 'Базар Чехия 🇨🇿 | Барахолка Прага': The chat is restricted and cannot be used in that request (caused by SendMediaRequest)
2026-06-22 15:18:22,672 [ERROR] Telegram: [41/45] ❌ Ошибка → 'Базар Чехия 🇨🇿 | Барахолка Прага': The chat is restricted and cannot be used in that request (caused by SendMessageRequest)
2026-06-22 15:18:22,673 [INFO] Telegram: ожидание 19 сек перед следующим чатом...
2026-06-22 15:18:41,750 [INFO] Telegram: [42/45] Отправка в 'Chat Prague/Чат Прага 🇨🇿🇺🇦'...
2026-06-22 15:18:41,751 [INFO] Uploading file of 2116298 bytes in 17 chunks of 131072
2026-06-22 15:18:49,197 [WARNING] Telegram: [42/45] ⚠ Видео не прошло → 'Chat Prague/Чат Прага 🇨🇿🇺🇦': The chat is restricted and cannot be used in that request (caused by SendMediaRequest)
2026-06-22 15:18:49,237 [ERROR] Telegram: [42/45] ❌ Ошибка → 'Chat Prague/Чат Прага 🇨🇿🇺🇦': The chat is restricted and cannot be used in that request (caused by SendMessageRequest)
2026-06-22 15:18:49,237 [INFO] Telegram: ожидание 23 сек перед следующим чатом...
2026-06-22 15:19:12,275 [INFO] Telegram: [43/45] Отправка в 'Mary Jane Prague'...
2026-06-22 15:19:12,276 [INFO] Uploading file of 2116298 bytes in 17 chunks of 131072
2026-06-22 15:19:13,642 [INFO] Got difference for channel 2208030504 updates
2026-06-22 15:19:20,207 [WARNING] Telegram: [43/45] ⚠ Видео не прошло → 'Mary Jane Prague': The chat is restricted and cannot be used in that request (caused by SendMediaRequest)
2026-06-22 15:19:20,245 [ERROR] Telegram: [43/45] ❌ Ошибка → 'Mary Jane Prague': The chat is restricted and cannot be used in that request (caused by SendMessageRequest)
2026-06-22 15:19:20,245 [INFO] Telegram: ожидание 24 сек перед следующим чатом...
2026-06-22 15:19:22,103 [INFO] Got difference for channel 1823102997 updates
2026-06-22 15:19:31,541 [INFO] Got difference for channel 1289161377 updates
2026-06-22 15:19:35,074 [INFO] Got difference for channel 2363009133 updates
2026-06-22 15:19:44,288 [INFO] Telegram: [44/45] Отправка в 'PRAGUE MARKET'...
2026-06-22 15:19:44,289 [INFO] Uploading file of 2116298 bytes in 17 chunks of 131072
2026-06-22 15:19:52,176 [WARNING] Telegram: [44/45] ⚠ Видео не прошло → 'PRAGUE MARKET': The chat is restricted and cannot be used in that request (caused by SendMediaRequest)
2026-06-22 15:19:52,211 [ERROR] Telegram: [44/45] ❌ Ошибка → 'PRAGUE MARKET': The chat is restricted and cannot be used in that request (caused by SendMessageRequest)
2026-06-22 15:19:52,211 [INFO] Telegram: ожидание 29 сек перед следующим чатом...
2026-06-22 15:20:07,301 [INFO] Got difference for channel 1508827399 updates
2026-06-22 15:20:21,262 [INFO] Telegram: [45/45] Отправка в 'Чехия Прага Чат'...
2026-06-22 15:20:21,263 [INFO] Uploading file of 2116298 bytes in 17 chunks of 131072
2026-06-22 15:20:28,411 [ERROR] Telegram: [45/45] ❌ Нет прав → 'Чехия Прага Чат': You're banned from sending messages in supergroups/channels (caused by SendMediaRequest)
2026-06-22 15:20:28,412 [INFO] Disconnecting from 149.154.167.51:443/TcpFull...
2026-06-22 15:20:28,412 [INFO] Disconnection from 149.154.167.51:443/TcpFull complete!
2026-06-22 15:20:28,416 [INFO] Telegram: завершено. ✅ 20 | ❌ 25
2026-06-22 15:20:28,711 [INFO] Signal: авторизация в Dashboard успешна
2026-06-22 15:20:28,882 [INFO] Signal: найдено 7 групп
2026-06-22 15:20:28,891 [INFO] Signal: видео загружено (2.0 MB)
2026-06-22 15:20:28,891 [INFO] Signal: [1/7] Отправка в 'I played a trump'...
2026-06-22 15:20:59,807 [WARNING] Signal: группа 'g-87c54403ad32670a' вернула статус 'delivery_unknown': No response from Signal API; delivery is unknown and was not retried
2026-06-22 15:20:59,808 [WARNING] Signal: [1/7] ⚠ Отправка с видео не удалась, пробую фолбэк...
2026-06-22 15:21:30,438 [WARNING] Signal: группа 'g-87c54403ad32670a' вернула статус 'delivery_unknown': No response from Signal API; delivery is unknown and was not retried
2026-06-22 15:21:30,438 [ERROR] Signal: [1/7] ❌ Текст тоже не прошёл → 'I played a trump'
2026-06-22 15:21:30,438 [INFO] Signal: ожидание 4 сек перед следующей группой...
2026-06-22 15:21:34,453 [INFO] Signal: [2/7] Отправка в '🥇BEST/MARKET🏆'...
2026-06-22 15:22:05,275 [WARNING] Signal: группа 'g-59730c15d0c54b56' вернула статус 'delivery_unknown': No response from Signal API; delivery is unknown and was not retried
2026-06-22 15:22:05,275 [WARNING] Signal: [2/7] ⚠ Отправка с видео не удалась, пробую фолбэк...
2026-06-22 15:22:36,066 [WARNING] Signal: группа 'g-59730c15d0c54b56' вернула статус 'delivery_unknown': No response from Signal API; delivery is unknown and was not retried
2026-06-22 15:22:36,066 [ERROR] Signal: [2/7] ❌ Текст тоже не прошёл → '🥇BEST/MARKET🏆'
2026-06-22 15:22:36,066 [INFO] Signal: ожидание 4 сек перед следующей группой...
2026-06-22 15:22:40,077 [INFO] Signal: [3/7] Отправка в '💲Rіch⚜️Russian⚜️Kids💲'...
2026-06-22 15:23:10,845 [WARNING] Signal: группа 'g-071c98121e9d7f5f' вернула статус 'delivery_unknown': No response from Signal API; delivery is unknown and was not retried
2026-06-22 15:23:10,846 [WARNING] Signal: [3/7] ⚠ Отправка с видео не удалась, пробую фолбэк...
2026-06-22 15:23:33,843 [INFO] Signal: [3/7] ✅ Текст → '💲Rіch⚜️Russian⚜️Kids💲'
2026-06-22 15:23:33,843 [INFO] Signal: ожидание 3 сек перед следующей группой...
2026-06-22 15:23:36,854 [INFO] Signal: [4/7] Отправка в '🍃𝒫𝓇𝒶𝑔𝓊𝑒 𝟦𝟤𝟢💠'...
2026-06-22 15:24:07,523 [WARNING] Signal: группа 'g-b206d73cb89283eb' вернула статус 'delivery_unknown': No response from Signal API; delivery is unknown and was not retried
2026-06-22 15:24:07,524 [WARNING] Signal: [4/7] ⚠ Отправка с видео не удалась, пробую фолбэк...
2026-06-22 15:24:38,139 [WARNING] Signal: группа 'g-b206d73cb89283eb' вернула статус 'delivery_unknown': No response from Signal API; delivery is unknown and was not retried
2026-06-22 15:24:38,140 [ERROR] Signal: [4/7] ❌ Текст тоже не прошёл → '🍃𝒫𝓇𝒶𝑔𝓊𝑒 𝟦𝟤𝟢💠'
2026-06-22 15:24:38,140 [INFO] Signal: ожидание 3 сек перед следующей группой...
2026-06-22 15:24:41,141 [INFO] Signal: [5/7] Отправка в '⭐ • 〽️🅰️ttyss 〽️🅰️rket • ⭐'...
2026-06-22 15:24:48,792 [INFO] Signal: [5/7] ✅ Видео+текст → '⭐ • 〽️🅰️ttyss 〽️🅰️rket • ⭐'
2026-06-22 15:24:48,792 [INFO] Signal: ожидание 3 сек перед следующей группой...
2026-06-22 15:24:51,799 [INFO] Signal: [6/7] Отправка в 'ESKOGRAMM<'...
2026-06-22 15:25:01,255 [INFO] Signal: [6/7] ✅ Видео+текст → 'ESKOGRAMM<'
2026-06-22 15:25:01,256 [INFO] Signal: ожидание 2 сек перед следующей группой...
2026-06-22 15:25:03,256 [INFO] Signal: [7/7] Отправка в 'LEGIT💯PRAGUE🔥💸NIGHT🥂🥂'...
2026-06-22 15:25:13,970 [INFO] Signal: [7/7] ✅ Видео+текст → 'LEGIT💯PRAGUE🔥💸NIGHT🥂🥂'
2026-06-22 15:25:13,970 [INFO] ------------------------------------------------------------
2026-06-22 15:25:13,970 [INFO] 📊 ИТОГИ ЦИКЛА (1449 сек):
2026-06-22 15:25:13,971 [INFO]   Telegram: ✅ 20 / ❌ 25 / 📋 45
2026-06-22 15:25:13,971 [INFO]   Signal:   ✅ 4 / ❌ 3 / 📋 7
2026-06-22 15:25:13,971 [INFO] ------------------------------------------------------------
2026-06-22 15:25:13,971 [INFO] Режим --once: завершение после одного цикла
2026-06-22 15:25:13,972 [INFO] Планировщик завершён.
2026-06-22 16:25:12,273 [INFO] ============================================================
2026-06-22 16:25:12,273 [INFO] 🚀 UNIFIED REMINDER SCHEDULER
2026-06-22 16:25:12,273 [INFO]    Telegram: ✅
2026-06-22 16:25:12,273 [INFO]    Signal:   ✅
2026-06-22 16:25:12,273 [INFO]    Видео:    ✅ C:\Users\novra\Downloads\Telegram Desktop\grok-1a43304e-ca30-4397-87bc-935bf9add685-720p.mp4
2026-06-22 16:25:12,274 [INFO]    Интервал: 30-60 мин
2026-06-22 16:25:12,274 [INFO]    Режим:    непрерывный
2026-06-22 16:25:12,274 [INFO] ============================================================
2026-06-22 16:25:12,274 [INFO] 
############################################################
2026-06-22 16:25:12,274 [INFO] # ЦИКЛ #1
2026-06-22 16:25:12,274 [INFO] ############################################################
2026-06-22 16:25:12,274 [INFO] ============================================================
2026-06-22 16:25:12,274 [INFO] 🔔 НАЧАЛО ЦИКЛА НАПОМИНАНИЙ
2026-06-22 16:25:12,275 [INFO] ============================================================
2026-06-22 16:25:12,275 [ERROR] Telethon не установлен. Выполните: pip install telethon
2026-06-22 16:25:15,154 [ERROR] Signal: не удалось подключиться к Dashboard — HTTPConnectionPool(host='127.0.0.1', port=8787): Max retries exceeded with url: /api/login (Caused by NewConnectionError("HTTPConnection(host='127.0.0.1', port=8787): Failed to establish a new connection: [WinError 10061] Подключение не установлено, т.к. конечный компьютер отверг запрос на подключение"))
2026-06-22 16:25:15,155 [INFO] ------------------------------------------------------------
2026-06-22 16:25:15,155 [INFO] 📊 ИТОГИ ЦИКЛА (3 сек):
2026-06-22 16:25:15,155 [INFO] ------------------------------------------------------------
2026-06-22 16:25:15,155 [INFO] 
⏰ Следующий цикл через 49 мин 41 сек (в ~17:14:56)
2026-06-22 16:25:15,155 [INFO]    Для остановки нажмите Ctrl+C

2026-06-22 16:28:48,953 [INFO] ============================================================
2026-06-22 16:28:48,954 [INFO] 🚀 UNIFIED REMINDER SCHEDULER
2026-06-22 16:28:48,954 [INFO]    Telegram: ✅
2026-06-22 16:28:48,954 [INFO]    Signal:   ✅
2026-06-22 16:28:48,954 [INFO]    Видео:    ✅ C:\Users\novra\Downloads\Telegram Desktop\grok-1a43304e-ca30-4397-87bc-935bf9add685-720p.mp4
2026-06-22 16:28:48,954 [INFO]    Интервал: 30-60 мин
2026-06-22 16:28:48,954 [INFO]    Режим:    непрерывный
2026-06-22 16:28:48,954 [INFO] ============================================================
2026-06-22 16:28:48,955 [INFO] 
############################################################
2026-06-22 16:28:48,955 [INFO] # ЦИКЛ #1
2026-06-22 16:28:48,955 [INFO] ############################################################
2026-06-22 16:28:48,955 [INFO] ============================================================
2026-06-22 16:28:48,955 [INFO] 🔔 НАЧАЛО ЦИКЛА НАПОМИНАНИЙ
2026-06-22 16:28:48,955 [INFO] ============================================================
2026-06-22 16:28:49,125 [INFO] Failed to load SSL library: <class 'OSError'> (no library called "ssl" found)
2026-06-22 16:28:49,126 [INFO] cryptg module not installed and libssl not found, falling back to (slower) Python encryption
2026-06-22 16:28:49,225 [INFO] Telegram: найдено 1 сессий: ['session_broadcast']
2026-06-22 16:28:49,226 [INFO] 
--- Telegram: Запуск сессии 'session_broadcast' ---
2026-06-22 16:28:49,305 [INFO] Connecting to 149.154.167.51:443/TcpFull...
2026-06-22 16:28:49,328 [INFO] Connection to 149.154.167.51:443/TcpFull complete!
